
> honey-badger-testing@1.0.0 net-pot-feed-delta
> ts-node src/net/runFeedDeltaPot.ts

current delta pot 0
funding from account: 0x32c5f14302d4Dd973e0040a5d7Eda97222A928D1
delta pot funded. {
  blockHash: '0x9ba57afa4f42d18f222add1bf5b2c60f03bee8b6a462640268c44a8de6775f87',
  blockNumber: 21038,
  contractAddress: null,
  cumulativeGasUsed: 44827,
  effectiveGasPrice: 1000000000,
  from: '0x32c5f14302d4dd973e0040a5d7eda97222a928d1',
  gasUsed: 44827,
  logsBloom: '0x00000000000000000000000000000000000000000000000000000000000000000000000000000000000000000000000000000000000000000000000000000000000000000000000000000000000000000000000000000000000000000000000000000000000000000000000000000000000000000000000000000000000000000000000000000000000000000000000000000000000000000000000000000000000000000000000000000000000000000000000000000000000000000000000000000000000000000000000000000000000000000000000000000000000000000000000000000000000000000000000000000000000000000000000000000000',
  status: true,
  to: '0x2000000000000000000000000000000000000001',
  transactionHash: '0xd895673d67638d8f15beaece6cbd7c86225b945d38256cd421b32ee834e985cb',
  transactionIndex: 0,
  type: '0x0',
  events: {}
}
